<?xml version="1.0" encoding="UTF-8"?>
<testsuites name="nextest-run" tests="3" failures="0" errors="0" uuid="5e71a44e-fb31-46c8-9aed-d4644ddaaae4" timestamp="2026-07-10T00:46:01.322+00:00" time="72.694">
    <testsuite name="animata-sim" tests="3" disabled="0" errors="0" failures="0">
        <testcase name="sim::tests::feature_toggles_bite_and_replay" classname="animata-sim" timestamp="2026-07-10T00:46:01.327+00:00" time="44.508">
        </testcase>
        <testcase name="sim::tests::state_checksum_multicell_lock" classname="animata-sim" timestamp="2026-07-10T00:46:45.838+00:00" time="10.696">
        </testcase>
        <testcase name="sim::tests::state_checksum_replays_to_golden" classname="animata-sim" timestamp="2026-07-10T00:46:56.535+00:00" time="17.480">
        </testcase>
    </testsuite>
</testsuites>
