<?xml version="1.0" encoding="UTF-8"?>
<testsuites name="nextest-run" tests="91" failures="0" errors="0" uuid="ef403495-4637-411c-bb4b-a317f65998c5" timestamp="2026-06-29T15:27:35.680+00:00" time="695.365">
    <testsuite name="animata-sim" tests="89" disabled="0" errors="0" failures="0">
        <testcase name="clock::tests::advance_is_exact_and_driftless" classname="animata-sim" timestamp="2026-06-29T15:27:35.681+00:00" time="0.003">
        </testcase>
        <testcase name="clock::tests::day_frac_in_unit_range" classname="animata-sim" timestamp="2026-06-29T15:27:35.684+00:00" time="0.003">
        </testcase>
        <testcase name="clock::tests::deterministic_replay" classname="animata-sim" timestamp="2026-06-29T15:27:35.687+00:00" time="0.003">
        </testcase>
        <testcase name="clock::tests::pause_freezes_substeps_only" classname="animata-sim" timestamp="2026-06-29T15:27:35.690+00:00" time="0.003">
        </testcase>
        <testcase name="clock::tests::substeps_accumulate_at_the_right_rate" classname="animata-sim" timestamp="2026-06-29T15:27:35.694+00:00" time="0.003">
        </testcase>
        <testcase name="clock::tests::substeps_cap_a_lag_spike" classname="animata-sim" timestamp="2026-06-29T15:27:35.697+00:00" time="0.003">
        </testcase>
        <testcase name="fastmath::tests::approximations_are_bit_stable" classname="animata-sim" timestamp="2026-06-29T15:27:35.700+00:00" time="0.003">
        </testcase>
        <testcase name="fastmath::tests::exp_matches_libm_on_nonpositive_domain" classname="animata-sim" timestamp="2026-06-29T15:27:35.703+00:00" time="0.003">
        </testcase>
        <testcase name="fastmath::tests::kleiber_lut_is_bit_identical_to_powf" classname="animata-sim" timestamp="2026-06-29T15:27:35.707+00:00" time="0.003">
        </testcase>
        <testcase name="fastmath::tests::tanh_matches_libm_within_tolerance" classname="animata-sim" timestamp="2026-06-29T15:27:35.710+00:00" time="0.003">
        </testcase>
        <testcase name="genome::tests::body_layout_is_deterministic_and_preserves_counts" classname="animata-sim" timestamp="2026-06-29T15:27:35.713+00:00" time="0.271">
        </testcase>
        <testcase name="genome::tests::development_is_bounded_and_deterministic" classname="animata-sim" timestamp="2026-06-29T15:27:35.984+00:00" time="0.025">
        </testcase>
        <testcase name="genome::tests::founder_develops_to_one_photo_cell" classname="animata-sim" timestamp="2026-06-29T15:27:36.009+00:00" time="0.003">
        </testcase>
        <testcase name="genome::tests::morphogen_inert_when_unread" classname="animata-sim" timestamp="2026-06-29T15:27:36.013+00:00" time="0.004">
        </testcase>
        <testcase name="genome::tests::morphogen_read_makes_type_track_position" classname="animata-sim" timestamp="2026-06-29T15:27:36.016+00:00" time="0.004">
        </testcase>
        <testcase name="genome::tests::mutation_can_grow_complex_bodies" classname="animata-sim" timestamp="2026-06-29T15:27:36.020+00:00" time="0.187">
        </testcase>
        <testcase name="genome::tests::organ_power_is_monotone" classname="animata-sim" timestamp="2026-06-29T15:27:36.207+00:00" time="0.004">
        </testcase>
        <testcase name="genome::tests::radial_zones_counts_regionalisation" classname="animata-sim" timestamp="2026-06-29T15:27:36.211+00:00" time="0.004">
        </testcase>
        <testcase name="genome::tests::spike_gate_a_source_diffusion_builds_monotone_gradient" classname="animata-sim" timestamp="2026-06-29T15:27:36.214+00:00" time="0.003">
        </testcase>
        <testcase name="genome::tests::spike_gate_b_gradient_segregation_beats_random_cohesion" classname="animata-sim" timestamp="2026-06-29T15:27:36.218+00:00" time="0.003">
        </testcase>
        <testcase name="grid::tests::nearest2_respects_both_predicates" classname="animata-sim" timestamp="2026-06-29T15:27:36.221+00:00" time="0.003">
        </testcase>
        <testcase name="grid::tests::nearest_within_matches_brute_force" classname="animata-sim" timestamp="2026-06-29T15:27:36.225+00:00" time="0.004">
        </testcase>
        <testcase name="grid::tests::sum_in_radius_never_false_skips_a_real_match" classname="animata-sim" timestamp="2026-06-29T15:27:36.228+00:00" time="0.004">
        </testcase>
        <testcase name="metrics::tests::checksum_metric_equals_state_checksum" classname="animata-sim" timestamp="2026-06-29T15:27:36.232+00:00" time="9.253">
        </testcase>
        <testcase name="metrics::tests::default_registry_lists_metrics" classname="animata-sim" timestamp="2026-06-29T15:27:45.485+00:00" time="0.004">
        </testcase>
        <testcase name="metrics::tests::registry_samples_on_cadence_and_bounds_the_series" classname="animata-sim" timestamp="2026-06-29T15:27:45.489+00:00" time="10.151">
        </testcase>
        <testcase name="metrics::tests::scalar_metrics_mirror_sim_kernels" classname="animata-sim" timestamp="2026-06-29T15:27:55.640+00:00" time="10.006">
        </testcase>
        <testcase name="persist::tests::anm2_stream_migrates_to_current" classname="animata-sim" timestamp="2026-06-29T15:28:05.647+00:00" time="9.899">
        </testcase>
        <testcase name="persist::tests::new_write_is_byte_identical_to_field0_magic_layout" classname="animata-sim" timestamp="2026-06-29T15:28:15.547+00:00" time="10.733">
        </testcase>
        <testcase name="persist::tests::read_rejects_unknown_magic" classname="animata-sim" timestamp="2026-06-29T15:28:26.280+00:00" time="0.004">
        </testcase>
        <testcase name="pressure::tests::compose_is_identity_preserving_bitexact" classname="animata-sim" timestamp="2026-06-29T15:28:26.284+00:00" time="0.003">
        </testcase>
        <testcase name="pressure::tests::default_registry_lists_pressures" classname="animata-sim" timestamp="2026-06-29T15:28:26.287+00:00" time="0.003">
        </testcase>
        <testcase name="pressure::tests::each_pressure_touches_one_channel" classname="animata-sim" timestamp="2026-06-29T15:28:26.291+00:00" time="0.003">
        </testcase>
        <testcase name="pressure::tests::seasonality_swings_food_with_the_phase" classname="animata-sim" timestamp="2026-06-29T15:28:26.294+00:00" time="0.003">
        </testcase>
        <testcase name="pressure::tests::toxicity_hazard_scales_with_unresisted_excess" classname="animata-sim" timestamp="2026-06-29T15:28:26.297+00:00" time="0.003">
        </testcase>
        <testcase name="rng::tests::rng_stream_is_deterministic" classname="animata-sim" timestamp="2026-06-29T15:28:26.301+00:00" time="0.003">
        </testcase>
        <testcase name="rng::tests::seed_fold_is_non_commutative" classname="animata-sim" timestamp="2026-06-29T15:28:26.304+00:00" time="0.003">
        </testcase>
        <testcase name="rng::tests::splitmix_is_pure_and_avalanches" classname="animata-sim" timestamp="2026-06-29T15:28:26.307+00:00" time="0.003">
        </testcase>
        <testcase name="sim::economy_tests::economy_candidates" classname="animata-sim" timestamp="2026-06-29T15:28:26.311+00:00" time="0.003">
        </testcase>
        <testcase name="sim::economy_tests::economy_differential" classname="animata-sim" timestamp="2026-06-29T15:28:26.314+00:00" time="0.003">
        </testcase>
        <testcase name="sim::economy_tests::economy_from_base_unit" classname="animata-sim" timestamp="2026-06-29T15:28:26.317+00:00" time="0.004">
        </testcase>
        <testcase name="sim::economy_tests::economy_report" classname="animata-sim" timestamp="2026-06-29T15:28:26.321+00:00" time="0.003">
        </testcase>
        <testcase name="sim::tests::axis_emerges_under_selection" classname="animata-sim" timestamp="2026-06-29T15:28:26.324+00:00" time="13.010">
        </testcase>
        <testcase name="sim::tests::brain_weight_count_matches_topology" classname="animata-sim" timestamp="2026-06-29T15:28:39.334+00:00" time="0.004">
        </testcase>
        <testcase name="sim::tests::column_index_clamps_out_of_world" classname="animata-sim" timestamp="2026-06-29T15:28:39.338+00:00" time="0.004">
        </testcase>
        <testcase name="sim::tests::deterministic_replay" classname="animata-sim" timestamp="2026-06-29T15:28:39.342+00:00" time="21.193">
        </testcase>
        <testcase name="sim::tests::heterotrophs_emerge_as_a_consumer_niche" classname="animata-sim" timestamp="2026-06-29T15:29:00.535+00:00" time="12.165">
        </testcase>
        <testcase name="sim::tests::life_concentrates_in_the_lit_warm_band" classname="animata-sim" timestamp="2026-06-29T15:29:12.700+00:00" time="11.524">
        </testcase>
        <testcase name="sim::tests::multicellularity_emerges_under_selection" classname="animata-sim" timestamp="2026-06-29T15:29:24.224+00:00" time="36.172">
        </testcase>
        <testcase name="sim::tests::nutrient_cycle_is_bounded_and_self_sustaining" classname="animata-sim" timestamp="2026-06-29T15:30:00.396+00:00" time="11.729">
        </testcase>
        <testcase name="sim::tests::organs_emerge_under_selection" classname="animata-sim" timestamp="2026-06-29T15:30:12.125+00:00" time="12.778">
        </testcase>
        <testcase name="sim::tests::pack_col_round_trips_every_in_world_column" classname="animata-sim" timestamp="2026-06-29T15:30:24.904+00:00" time="0.004">
        </testcase>
        <testcase name="sim::tests::population_radiates_into_many_species_and_niches" classname="animata-sim" timestamp="2026-06-29T15:30:24.908+00:00" time="12.059">
        </testcase>
        <testcase name="sim::tests::population_stays_in_a_living_corridor" classname="animata-sim" timestamp="2026-06-29T15:30:36.967+00:00" time="32.600">
        </testcase>
        <testcase name="sim::tests::predation_emerges_as_a_trophic_level" classname="animata-sim" timestamp="2026-06-29T15:31:09.568+00:00" time="11.947">
        </testcase>
        <testcase name="sim::tests::seasonality_drives_the_energy_economy" classname="animata-sim" timestamp="2026-06-29T15:31:21.515+00:00" time="10.631">
        </testcase>
        <testcase name="sim::tests::sensor_organ_extends_sensing_reach" classname="animata-sim" timestamp="2026-06-29T15:31:32.146+00:00" time="0.004">
        </testcase>
        <testcase name="sim::tests::snapshot_round_trips_bit_identical" classname="animata-sim" timestamp="2026-06-29T15:31:32.149+00:00" time="18.835">
        </testcase>
        <testcase name="sim::tests::state_checksum_folds_zones" classname="animata-sim" timestamp="2026-06-29T15:31:50.985+00:00" time="9.456">
        </testcase>
        <testcase name="sim::tests::vertical_strata_get_colonised" classname="animata-sim" timestamp="2026-06-29T15:32:00.441+00:00" time="60.298">
        </testcase>
        <testcase name="sim::tests::zones_emerge_under_selection" classname="animata-sim" timestamp="2026-06-29T15:33:00.739+00:00" time="69.060">
        </testcase>
        <testcase name="sim_config::tests::defaults_match_constants" classname="animata-sim" timestamp="2026-06-29T15:34:09.799+00:00" time="0.004">
        </testcase>
        <testcase name="sim_config::tests::features_set_and_pairs_round_trip" classname="animata-sim" timestamp="2026-06-29T15:34:09.803+00:00" time="0.003">
        </testcase>
        <testcase name="sim_config::tests::from_ron_empty_is_default" classname="animata-sim" timestamp="2026-06-29T15:34:09.806+00:00" time="0.003">
        </testcase>
        <testcase name="sim_config::tests::from_ron_partial_falls_back_to_defaults" classname="animata-sim" timestamp="2026-06-29T15:34:09.810+00:00" time="0.004">
        </testcase>
        <testcase name="sim_config::tests::params_set_and_pairs_round_trip" classname="animata-sim" timestamp="2026-06-29T15:34:09.814+00:00" time="0.003">
        </testcase>
        <testcase name="terrain::tests::biomass_is_deterministic" classname="animata-sim" timestamp="2026-06-29T15:34:09.817+00:00" time="19.462">
        </testcase>
        <testcase name="terrain::tests::biome_diversity" classname="animata-sim" timestamp="2026-06-29T15:34:29.279+00:00" time="9.200">
        </testcase>
        <testcase name="terrain::tests::bit_pack_roundtrips" classname="animata-sim" timestamp="2026-06-29T15:34:38.479+00:00" time="0.004">
        </testcase>
        <testcase name="terrain::tests::carrying_capacity_ordering" classname="animata-sim" timestamp="2026-06-29T15:34:38.483+00:00" time="0.003">
        </testcase>
        <testcase name="terrain::tests::different_seeds_differ" classname="animata-sim" timestamp="2026-06-29T15:34:38.486+00:00" time="19.180">
        </testcase>
        <testcase name="terrain::tests::env_fields_are_deterministic" classname="animata-sim" timestamp="2026-06-29T15:34:57.667+00:00" time="19.627">
        </testcase>
        <testcase name="terrain::tests::env_fields_populated_and_latitude_gradient" classname="animata-sim" timestamp="2026-06-29T15:35:17.294+00:00" time="9.041">
        </testcase>
        <testcase name="terrain::tests::generation_is_deterministic" classname="animata-sim" timestamp="2026-06-29T15:35:26.335+00:00" time="18.891">
        </testcase>
        <testcase name="terrain::tests::heights_in_range_and_mixed_water_land" classname="animata-sim" timestamp="2026-06-29T15:35:45.226+00:00" time="9.249">
        </testcase>
        <testcase name="terrain::tests::hydrology_makes_rivers_and_lakes" classname="animata-sim" timestamp="2026-06-29T15:35:54.475+00:00" time="6.945">
        </testcase>
        <testcase name="terrain::tests::land_has_no_knife_cliffs" classname="animata-sim" timestamp="2026-06-29T15:36:01.419+00:00" time="28.200">
        </testcase>
        <testcase name="terrain::tests::mountains_are_a_minority" classname="animata-sim" timestamp="2026-06-29T15:36:29.619+00:00" time="28.866">
        </testcase>
        <testcase name="terrain::tests::no_landlocked_ocean" classname="animata-sim" timestamp="2026-06-29T15:36:58.485+00:00" time="9.199">
        </testcase>
        <testcase name="terrain::tests::out_of_world_is_air_and_sampling_is_consistent" classname="animata-sim" timestamp="2026-06-29T15:37:07.684+00:00" time="9.299">
        </testcase>
        <testcase name="terrain::tests::quant_roundtrip_within_one_step" classname="animata-sim" timestamp="2026-06-29T15:37:16.983+00:00" time="0.004">
        </testcase>
        <testcase name="terrain::tests::regrow_is_semigroup" classname="animata-sim" timestamp="2026-06-29T15:37:16.987+00:00" time="0.003">
        </testcase>
        <testcase name="terrain::tests::regrow_recovers_from_zero_and_saturates" classname="animata-sim" timestamp="2026-06-29T15:37:16.990+00:00" time="0.003">
        </testcase>
        <testcase name="terrain::tests::shoreline_has_no_moats" classname="animata-sim" timestamp="2026-06-29T15:37:16.993+00:00" time="28.629">
        </testcase>
        <testcase name="terrain::tests::slope_bounds_and_no_edge_cliff" classname="animata-sim" timestamp="2026-06-29T15:37:45.622+00:00" time="9.960">
        </testcase>
        <testcase name="terrain::tests::tectonic_chains_and_balance" classname="animata-sim" timestamp="2026-06-29T15:37:55.582+00:00" time="28.307">
        </testcase>
        <testcase name="terrain::tests::vegetation_field_grazing_and_regrowth" classname="animata-sim" timestamp="2026-06-29T15:38:23.889+00:00" time="9.273">
        </testcase>
        <testcase name="terrain::tests::water_dist_is_a_valid_bfs" classname="animata-sim" timestamp="2026-06-29T15:38:33.162+00:00" time="9.211">
        </testcase>
        <testcase name="terrain::tests::water_model_is_clean" classname="animata-sim" timestamp="2026-06-29T15:38:42.373+00:00" time="9.118">
        </testcase>
    </testsuite>
    <testsuite name="animata-sim::bin/sweep" tests="2" disabled="0" errors="0" failures="0">
        <testcase name="tests::sweep_overlay_resets_between_values" classname="animata-sim::bin/sweep" timestamp="2026-06-29T15:38:51.491+00:00" time="9.742">
        </testcase>
        <testcase name="tests::sweep_param_reaches_step" classname="animata-sim::bin/sweep" timestamp="2026-06-29T15:39:01.233+00:00" time="9.812">
        </testcase>
    </testsuite>
</testsuites>
