<?xml version="1.0" encoding="UTF-8"?>
<testsuites name="nextest-run" tests="3" failures="0" errors="0" uuid="85022e04-5256-48d3-a1dd-d83b5a1a7690" timestamp="2026-06-29T15:27:48.218+00:00" time="83.921">
    <testsuite name="animata-sim" tests="3" disabled="0" errors="0" failures="0">
        <testcase name="sim::tests::feature_toggles_bite_and_replay" classname="animata-sim" timestamp="2026-06-29T15:27:48.222+00:00" time="53.724">
        </testcase>
        <testcase name="sim::tests::state_checksum_multicell_lock" classname="animata-sim" timestamp="2026-06-29T15:28:41.976+00:00" time="10.436">
        </testcase>
        <testcase name="sim::tests::state_checksum_replays_to_golden" classname="animata-sim" timestamp="2026-06-29T15:28:52.418+00:00" time="19.752">
        </testcase>
    </testsuite>
</testsuites>
